[35m[Appium][39m Welcome to Appium v1.22.3
[35m[Appium][39m Non-default server args:
[35m[Appium][39m   port: 56507
[35m[Appium][39m   loglevel: info
[35m[Appium][39m   tmpDir: /var/folders/md/lq6jljd53xd7xjhkjsk17f6w0000gn/T//Katalon/Appium/Temp1668659176911
[35m[Appium][39m   chromedriverPort: 56508
[35m[Appium][39m Deprecated server args:
[35m[Appium][39m   [31m--chromedriver-port[39m => --default-capabilities
[35m[Appium][39m Default capabilities, which will be added to each request unless overridden by desired capabilities:
[35m[Appium][39m   chromedriverPort: 56508
[35m[Appium][39m Appium REST http interface listener started on 0.0.0.0:56507
[35m[HTTP][39m [37m-->[39m [37mGET[39m [37m/wd/hub/status[39m
[35m[HTTP][39m [90m{}[39m
[35m[HTTP][39m [37m<-- GET /wd/hub/status [39m[32m200[39m [90m3 ms - 68[39m
[35m[HTTP][39m [90m[39m
[35m[HTTP][39m [37m-->[39m [37mGET[39m [37m/wd/hub/status[39m
[35m[HTTP][39m [90m{}[39m
[35m[HTTP][39m [37m<-- GET /wd/hub/status [39m[32m200[39m [90m1 ms - 68[39m
[35m[HTTP][39m [90m[39m
[35m[HTTP][39m [37m-->[39m [37mPOST[39m [37m/wd/hub/session[39m
[35m[HTTP][39m [90m{"desiredCapabilities":{"appActivity":".Settings","appPackage":"com.android.settings","newCommandTimeout":1800,"platformVersion":"12","automationName":"uiautomator2","autoGrantPermissions":true,"platformName":"Android","udid":"R3CT80HS9QL","deviceName":"samsung SM-F936N (Android 12)","platform":"ANDROID","systemPort":8261},"capabilities":{"firstMatch":[{"appium:appActivity":".Settings","appium:appPackage":"com.android.settings","appium:autoGrantPermissions":true,"appium:automationName":"uiautomator2","appium:deviceName":"samsung SM-F936N (Android 12)","appium:newCommandTimeout":1800,"platform":"ANDROID","platformName":"android","appium:platformVersion":"12","appium:systemPort":8261,"appium:udid":"R3CT80HS9QL"}]}}[39m
[35m[BaseDriver][39m The following capabilities are not standard capabilities and should have an extension prefix:
[35m[BaseDriver][39m   platform
[35m[BaseDriver][39m   chromedriverPort
[35m[Appium][39m Appium v1.22.3 creating new AndroidUiautomator2Driver (v1.70.1) session
[35m[BaseDriver][39m The following capabilities were provided, but are not recognized by Appium:
[35m[BaseDriver][39m   platform
[35m[BaseDriver][39m Session created with session id: 5aeccd3a-b805-4870-8097-cda68aa3827d
[35m[UiAutomator2][39m Starting 'com.android.settings' directly on the device
[35m[ADB][39m Found 1 'build-tools' folders under '/Users/finda/.katalon/tools/android_sdk' (newest first):
[35m[ADB][39m     /Users/finda/.katalon/tools/android_sdk/build-tools/29.0.3
[35m[ADB][39m Using 'adb' from '/Users/finda/.katalon/tools/android_sdk/platform-tools/adb'
[35m[AndroidDriver][39m Retrieving device list
[35m[AndroidDriver][39m Using device: R3CT80HS9QL
[35m[ADB][39m Using 'adb' from '/Users/finda/.katalon/tools/android_sdk/platform-tools/adb'
[35m[ADB][39m Getting device platform version
[35m[UiAutomator2][39m Relaxing hidden api policy
[35m[AndroidDriver][39m No app sent in, not parsing package/activity
[35m[ADB][39m The application at '/opt/homebrew/lib/node_modules/appium/node_modules/io.appium.settings/apks/settings_apk-debug.apk' will not be cached, because the device under test has confirmed the support of streamed installs
[35m[ADB][39m The installation of 'settings_apk-debug.apk' took 1594ms
[35m[ADB][39m Using 'apksigner.jar' from '/Users/finda/.katalon/tools/android_sdk/build-tools/29.0.3/lib/apksigner.jar'
[35m[ADB][39m '/opt/homebrew/lib/node_modules/appium/node_modules/appium-uiautomator2-server/apks/appium-uiautomator2-server-v4.27.0.apk' is signed with the default certificate
[35m[ADB][39m '/opt/homebrew/lib/node_modules/appium/node_modules/appium-uiautomator2-server/apks/appium-uiautomator2-server-debug-androidTest.apk' is signed with the default certificate
[35m[UiAutomator2][39m Server packages are going to be (re)installed
[35m[ADB][39m The application at '/opt/homebrew/lib/node_modules/appium/node_modules/appium-uiautomator2-server/apks/appium-uiautomator2-server-v4.27.0.apk' will not be cached, because the device under test has confirmed the support of streamed installs
[35m[ADB][39m The installation of 'appium-uiautomator2-server-v4.27.0.apk' took 2112ms
[35m[ADB][39m The application at '/opt/homebrew/lib/node_modules/appium/node_modules/appium-uiautomator2-server/apks/appium-uiautomator2-server-debug-androidTest.apk' will not be cached, because the device under test has confirmed the support of streamed installs
[35m[ADB][39m The installation of 'appium-uiautomator2-server-debug-androidTest.apk' took 1304ms
[35m[ADB][39m Adding packages ["io.appium.settings","io.appium.uiautomator2.server","io.appium.uiautomator2.server.test"] to Doze whitelist
[35m[ADB][39m com.android.settings contains no permissions available for granting
[35m[UiAutomator2][39m Starting UIAutomator2 server 4.27.0
[35m[UiAutomator2][39m Using UIAutomator2 server from '/opt/homebrew/lib/node_modules/appium/node_modules/appium-uiautomator2-server/apks/appium-uiautomator2-server-v4.27.0.apk' and test from '/opt/homebrew/lib/node_modules/appium/node_modules/appium-uiautomator2-server/apks/appium-uiautomator2-server-debug-androidTest.apk'
[35m[UiAutomator2][39m Waiting up to 30000ms for UiAutomator2 to be online...
[35m[WD Proxy][39m socket hang up
[35m[WD Proxy][39m socket hang up
[35m[WD Proxy][39m Determined the downstream protocol as 'W3C'
[35m[AndroidDriver][39m Screen already unlocked, doing nothing
[35m[UiAutomator2][39m Starting 'com.android.settings/.Settings and waiting for 'com.android.settings/.Settings'
[35m[Appium][39m New AndroidUiautomator2Driver session created successfully, session 5aeccd3a-b805-4870-8097-cda68aa3827d added to master session list
[35m[HTTP][39m [37m<-- POST /wd/hub/session [39m[32m200[39m [90m13447 ms - 1156[39m
[35m[HTTP][39m [90m[39m
[35m[HTTP][39m [37m-->[39m [37mGET[39m [37m/wd/hub/session/5aeccd3a-b805-4870-8097-cda68aa3827d[39m
[35m[HTTP][39m [90m{}[39m
[35m[HTTP][39m [37m<-- GET /wd/hub/session/5aeccd3a-b805-4870-8097-cda68aa3827d [39m[32m200[39m [90m7 ms - 1110[39m
[35m[HTTP][39m [90m[39m
[35m[HTTP][39m [37m-->[39m [37mGET[39m [37m/wd/hub/session/5aeccd3a-b805-4870-8097-cda68aa3827d[39m
[35m[HTTP][39m [90m{}[39m
[35m[HTTP][39m [37m<-- GET /wd/hub/session/5aeccd3a-b805-4870-8097-cda68aa3827d [39m[32m200[39m [90m8 ms - 1110[39m
[35m[HTTP][39m [90m[39m
[35m[HTTP][39m [37m-->[39m [37mGET[39m [37m/wd/hub/status[39m
[35m[HTTP][39m [90m{}[39m
[35m[HTTP][39m [37m<-- GET /wd/hub/status [39m[32m200[39m [90m0 ms - 68[39m
[35m[HTTP][39m [90m[39m
[35m[HTTP][39m [37m-->[39m [37mPOST[39m [37m/wd/hub/session/5aeccd3a-b805-4870-8097-cda68aa3827d/timeouts[39m
[35m[HTTP][39m [90m{"implicit":60000}[39m
[35m[HTTP][39m [37m<-- POST /wd/hub/session/5aeccd3a-b805-4870-8097-cda68aa3827d/timeouts [39m[32m200[39m [90m1 ms - 14[39m
[35m[HTTP][39m [90m[39m
[35m[HTTP][39m [37m-->[39m [37mGET[39m [37m/wd/hub/session/5aeccd3a-b805-4870-8097-cda68aa3827d/screenshot[39m
[35m[HTTP][39m [90m{}[39m
[35m[HTTP][39m [37m<-- GET /wd/hub/session/5aeccd3a-b805-4870-8097-cda68aa3827d/screenshot [39m[32m200[39m [90m299 ms - 168670[39m
[35m[HTTP][39m [90m[39m
[35m[HTTP][39m [37m-->[39m [37mGET[39m [37m/wd/hub/session/5aeccd3a-b805-4870-8097-cda68aa3827d/window/rect[39m
[35m[HTTP][39m [90m{}[39m
[35m[HTTP][39m [37m<-- GET /wd/hub/session/5aeccd3a-b805-4870-8097-cda68aa3827d/window/rect [39m[32m200[39m [90m10 ms - 49[39m
[35m[HTTP][39m [90m[39m
[35m[HTTP][39m [37m-->[39m [37mGET[39m [37m/wd/hub/session/5aeccd3a-b805-4870-8097-cda68aa3827d/appium/device/system_bars[39m
[35m[HTTP][39m [90m{}[39m
[35m[HTTP][39m [37m<-- GET /wd/hub/session/5aeccd3a-b805-4870-8097-cda68aa3827d/appium/device/system_bars [39m[32m200[39m [90m79 ms - 145[39m
[35m[HTTP][39m [90m[39m
[35m[HTTP][39m [37m-->[39m [37mPOST[39m [37m/wd/hub/session/5aeccd3a-b805-4870-8097-cda68aa3827d/appium/device/activate_app[39m
[35m[HTTP][39m [90m{"bundleId":"kr.co.finda.finda"}[39m
[35m[HTTP][39m [37m<-- POST /wd/hub/session/5aeccd3a-b805-4870-8097-cda68aa3827d/appium/device/activate_app [39m[32m200[39m [90m319 ms - 14[39m
[35m[HTTP][39m [90m[39m
[35m[HTTP][39m [37m-->[39m [37mGET[39m [37m/wd/hub/session/5aeccd3a-b805-4870-8097-cda68aa3827d/source[39m
[35m[HTTP][39m [90m{}[39m
[35m[W3C (5aeccd3a)][39m Driver proxy active, passing request on via HTTP proxy
[35m[WD Proxy][39m Replacing sessionId b89cbbcc-c710-42aa-b78a-c18229ad9f4b with 5aeccd3a-b805-4870-8097-cda68aa3827d
[35m[HTTP][39m [37m<-- GET /wd/hub/session/5aeccd3a-b805-4870-8097-cda68aa3827d/source [39m[32m200[39m [90m601 ms - 24561[39m
[35m[HTTP][39m [90m[39m
[35m[HTTP][39m [37m-->[39m [37mGET[39m [37m/wd/hub/session/5aeccd3a-b805-4870-8097-cda68aa3827d/screenshot[39m
[35m[HTTP][39m [90m{}[39m
[35m[HTTP][39m [37m<-- GET /wd/hub/session/5aeccd3a-b805-4870-8097-cda68aa3827d/screenshot [39m[32m200[39m [90m285 ms - 115990[39m
[35m[HTTP][39m [90m[39m
[35m[HTTP][39m [37m-->[39m [37mGET[39m [37m/wd/hub/session/5aeccd3a-b805-4870-8097-cda68aa3827d/source[39m
[35m[HTTP][39m [90m{}[39m
[35m[W3C (5aeccd3a)][39m Driver proxy active, passing request on via HTTP proxy
[35m[WD Proxy][39m Replacing sessionId b89cbbcc-c710-42aa-b78a-c18229ad9f4b with 5aeccd3a-b805-4870-8097-cda68aa3827d
[35m[HTTP][39m [37m<-- GET /wd/hub/session/5aeccd3a-b805-4870-8097-cda68aa3827d/source [39m[32m200[39m [90m107 ms - 18086[39m
[35m[HTTP][39m [90m[39m
[35m[HTTP][39m [37m-->[39m [37mGET[39m [37m/wd/hub/session/5aeccd3a-b805-4870-8097-cda68aa3827d/screenshot[39m
[35m[HTTP][39m [90m{}[39m
[35m[HTTP][39m [37m<-- GET /wd/hub/session/5aeccd3a-b805-4870-8097-cda68aa3827d/screenshot [39m[32m200[39m [90m273 ms - 82940[39m
[35m[HTTP][39m [90m[39m
[35m[HTTP][39m [37m-->[39m [37mPOST[39m [37m/wd/hub/session/5aeccd3a-b805-4870-8097-cda68aa3827d/elements[39m
[35m[HTTP][39m [90m{"using":"xpath","value":"//*[@class = 'android.widget.TextView' and (@text = '5' or . = '5') and @resource-id = 'kr.co.finda.finda:id/icon_number1']"}[39m
[35m[HTTP][39m [37m<-- POST /wd/hub/session/5aeccd3a-b805-4870-8097-cda68aa3827d/elements [39m[32m200[39m [90m216 ms - 139[39m
[35m[HTTP][39m [90m[39m
[35m[HTTP][39m [37m-->[39m [37mGET[39m [37m/wd/hub/session/5aeccd3a-b805-4870-8097-cda68aa3827d/window/rect[39m
[35m[HTTP][39m [90m{}[39m
[35m[HTTP][39m [37m<-- GET /wd/hub/session/5aeccd3a-b805-4870-8097-cda68aa3827d/window/rect [39m[32m200[39m [90m8 ms - 49[39m
[35m[HTTP][39m [90m[39m
[35m[HTTP][39m [37m-->[39m [37mPOST[39m [37m/wd/hub/session/5aeccd3a-b805-4870-8097-cda68aa3827d/elements[39m
[35m[HTTP][39m [90m{"using":"xpath","value":"//*[@class = 'android.widget.TextView' and (@text = '5' or . = '5') and @resource-id = 'kr.co.finda.finda:id/icon_number1']"}[39m
[35m[HTTP][39m [37m<-- POST /wd/hub/session/5aeccd3a-b805-4870-8097-cda68aa3827d/elements [39m[32m200[39m [90m85 ms - 139[39m
[35m[HTTP][39m [90m[39m
[35m[HTTP][39m [37m-->[39m [37mGET[39m [37m/wd/hub/session/5aeccd3a-b805-4870-8097-cda68aa3827d/element/00000000-0000-1781-ffff-ffff00000089/location[39m
[35m[HTTP][39m [90m{}[39m
[35m[W3C (5aeccd3a)][39m Driver proxy active, passing request on via HTTP proxy
[35m[WD Proxy][39m Replacing sessionId b89cbbcc-c710-42aa-b78a-c18229ad9f4b with 5aeccd3a-b805-4870-8097-cda68aa3827d
[35m[HTTP][39m [37m<-- GET /wd/hub/session/5aeccd3a-b805-4870-8097-cda68aa3827d/element/00000000-0000-1781-ffff-ffff00000089/location [39m[32m200[39m [90m11 ms - 77[39m
[35m[HTTP][39m [90m[39m
[35m[HTTP][39m [37m-->[39m [37mPOST[39m [37m/wd/hub/session/5aeccd3a-b805-4870-8097-cda68aa3827d/element/00000000-0000-1781-ffff-ffff00000089/click[39m
[35m[HTTP][39m [90m{"id":"00000000-0000-1781-ffff-ffff00000089"}[39m
[35m[HTTP][39m [37m<-- POST /wd/hub/session/5aeccd3a-b805-4870-8097-cda68aa3827d/element/00000000-0000-1781-ffff-ffff00000089/click [39m[32m200[39m [90m553 ms - 14[39m
[35m[HTTP][39m [90m[39m
[35m[HTTP][39m [37m-->[39m [37mGET[39m [37m/wd/hub/session/5aeccd3a-b805-4870-8097-cda68aa3827d/source[39m
[35m[HTTP][39m [90m{}[39m
[35m[W3C (5aeccd3a)][39m Driver proxy active, passing request on via HTTP proxy
[35m[WD Proxy][39m Replacing sessionId b89cbbcc-c710-42aa-b78a-c18229ad9f4b with 5aeccd3a-b805-4870-8097-cda68aa3827d
[35m[HTTP][39m [37m<-- GET /wd/hub/session/5aeccd3a-b805-4870-8097-cda68aa3827d/source [39m[32m200[39m [90m120 ms - 17920[39m
[35m[HTTP][39m [90m[39m
[35m[HTTP][39m [37m-->[39m [37mGET[39m [37m/wd/hub/session/5aeccd3a-b805-4870-8097-cda68aa3827d/screenshot[39m
[35m[HTTP][39m [90m{}[39m
[35m[HTTP][39m [37m<-- GET /wd/hub/session/5aeccd3a-b805-4870-8097-cda68aa3827d/screenshot [39m[32m200[39m [90m279 ms - 84200[39m
[35m[HTTP][39m [90m[39m
[35m[HTTP][39m [37m-->[39m [37mPOST[39m [37m/wd/hub/session/5aeccd3a-b805-4870-8097-cda68aa3827d/elements[39m
[35m[HTTP][39m [90m{"using":"xpath","value":"//*[@class = 'android.widget.ImageView' and (@text = '' or . = '')]"}[39m
[35m[HTTP][39m [37m<-- POST /wd/hub/session/5aeccd3a-b805-4870-8097-cda68aa3827d/elements [39m[32m200[39m [90m105 ms - 907[39m
[35m[HTTP][39m [90m[39m
[35m[HTTP][39m [37m-->[39m [37mPOST[39m [37m/wd/hub/session/5aeccd3a-b805-4870-8097-cda68aa3827d/elements[39m
[35m[HTTP][39m [90m{"using":"-android uiautomator","value":"new UiSelector().className(\"android.widget.ImageView\")"}[39m
[35m[HTTP][39m [37m<-- POST /wd/hub/session/5aeccd3a-b805-4870-8097-cda68aa3827d/elements [39m[32m200[39m [90m79 ms - 907[39m
[35m[HTTP][39m [90m[39m
[35m[HTTP][39m [37m-->[39m [37mGET[39m [37m/wd/hub/session/5aeccd3a-b805-4870-8097-cda68aa3827d/window/rect[39m
[35m[HTTP][39m [90m{}[39m
[35m[HTTP][39m [37m<-- GET /wd/hub/session/5aeccd3a-b805-4870-8097-cda68aa3827d/window/rect [39m[32m200[39m [90m12 ms - 49[39m
[35m[HTTP][39m [90m[39m
[35m[HTTP][39m [37m-->[39m [37mPOST[39m [37m/wd/hub/session/5aeccd3a-b805-4870-8097-cda68aa3827d/elements[39m
[35m[HTTP][39m [90m{"using":"xpath","value":"//hierarchy/android.widget.FrameLayout[1]/android.widget.LinearLayout[1]/android.widget.FrameLayout[1]/android.widget.LinearLayout[1]/android.widget.FrameLayout[1]/android.widget.FrameLayout[2]/android.widget.FrameLayout[1]/android.widget.LinearLayout[1]/android.widget.LinearLayout[1]/android.widget.LinearLayout[2]/android.widget.ImageView[2]"}[39m
[35m[HTTP][39m [37m<-- POST /wd/hub/session/5aeccd3a-b805-4870-8097-cda68aa3827d/elements [39m[32m200[39m [90m58 ms - 139[39m
[35m[HTTP][39m [90m[39m
[35m[HTTP][39m [37m-->[39m [37mGET[39m [37m/wd/hub/session/5aeccd3a-b805-4870-8097-cda68aa3827d/element/00000000-0000-1781-ffff-ffff0000007e/location[39m
[35m[HTTP][39m [90m{}[39m
[35m[W3C (5aeccd3a)][39m Driver proxy active, passing request on via HTTP proxy
[35m[WD Proxy][39m Replacing sessionId b89cbbcc-c710-42aa-b78a-c18229ad9f4b with 5aeccd3a-b805-4870-8097-cda68aa3827d
[35m[HTTP][39m [37m<-- GET /wd/hub/session/5aeccd3a-b805-4870-8097-cda68aa3827d/element/00000000-0000-1781-ffff-ffff0000007e/location [39m[32m200[39m [90m8 ms - 78[39m
[35m[HTTP][39m [90m[39m
[35m[HTTP][39m [37m-->[39m [37mPOST[39m [37m/wd/hub/session/5aeccd3a-b805-4870-8097-cda68aa3827d/element/00000000-0000-1781-ffff-ffff0000007e/value[39m
[35m[HTTP][39m [90m{"id":"00000000-0000-1781-ffff-ffff0000007e","text":"2","value":["2"]}[39m
[35m[WD Proxy][39m Got response with status 400: {"sessionId":"b89cbbcc-c710-42aa-b78a-c18229ad9f4b","value":{"error":"invalid element state","message":"Cannot set the element to '2'. Did you interact with the correct element?","stacktrace":"io.appium.uiautomator2.common.exceptions.InvalidElementStateException: Cannot set the element to '2'. Did you interact with the correct element?\n\tat io.appium.uiautomator2.handler.SendKeysToElement.setText(SendKeysToElement.java:87)\n\tat io.appium.uiautomator2.handler.SendKeysToElement.safeHandle(SendKeysToElement.java:115)\n\tat io.appium.uiautomator2.handler.request.SafeRequestHandler.handle(SafeRequestHandler.java:59)\n\tat io.appium.uiautomator2.server.AppiumServlet.handleRequest(AppiumServlet.java:266)\n\tat io.appium.uiautomator2.server.AppiumServlet.handleHttpRequest(AppiumServlet.java:260)\n\tat io.appium.uiautomator2.http.ServerHandler.channelRead(ServerHandler.java:68)\n\tat io.netty.channel.AbstractChannelHandlerContext.invokeChannelRead(AbstractChannelHandlerContext.java:366)\n\tat io.netty.channel.Abs...
[35m[HTTP][39m [37m<-- POST /wd/hub/session/5aeccd3a-b805-4870-8097-cda68aa3827d/element/00000000-0000-1781-ffff-ffff0000007e/value [39m[33m400[39m [90m30 ms - 3882[39m
[35m[HTTP][39m [90m[39m
[35m[HTTP][39m [37m-->[39m [37mPOST[39m [37m/wd/hub/session/5aeccd3a-b805-4870-8097-cda68aa3827d/elements[39m
[35m[HTTP][39m [90m{"using":"xpath","value":"//*[@class = 'android.widget.TextView' and (@text = '7' or . = '7') and @resource-id = 'kr.co.finda.finda:id/icon_number2']"}[39m
[35m[HTTP][39m [37m<-- POST /wd/hub/session/5aeccd3a-b805-4870-8097-cda68aa3827d/elements [39m[32m200[39m [90m164 ms - 139[39m
[35m[HTTP][39m [90m[39m
[35m[HTTP][39m [37m-->[39m [37mGET[39m [37m/wd/hub/session/5aeccd3a-b805-4870-8097-cda68aa3827d/window/rect[39m
[35m[HTTP][39m [90m{}[39m
[35m[HTTP][39m [37m<-- GET /wd/hub/session/5aeccd3a-b805-4870-8097-cda68aa3827d/window/rect [39m[32m200[39m [90m10 ms - 49[39m
[35m[HTTP][39m [90m[39m
[35m[HTTP][39m [37m-->[39m [37mPOST[39m [37m/wd/hub/session/5aeccd3a-b805-4870-8097-cda68aa3827d/elements[39m
[35m[HTTP][39m [90m{"using":"xpath","value":"//*[@class = 'android.widget.TextView' and (@text = '7' or . = '7') and @resource-id = 'kr.co.finda.finda:id/icon_number2']"}[39m
[35m[HTTP][39m [37m<-- POST /wd/hub/session/5aeccd3a-b805-4870-8097-cda68aa3827d/elements [39m[32m200[39m [90m114 ms - 139[39m
[35m[HTTP][39m [90m[39m
[35m[HTTP][39m [37m-->[39m [37mGET[39m [37m/wd/hub/session/5aeccd3a-b805-4870-8097-cda68aa3827d/element/00000000-0000-1781-ffff-ffff0000008a/location[39m
[35m[HTTP][39m [90m{}[39m
[35m[W3C (5aeccd3a)][39m Driver proxy active, passing request on via HTTP proxy
[35m[WD Proxy][39m Replacing sessionId b89cbbcc-c710-42aa-b78a-c18229ad9f4b with 5aeccd3a-b805-4870-8097-cda68aa3827d
[35m[HTTP][39m [37m<-- GET /wd/hub/session/5aeccd3a-b805-4870-8097-cda68aa3827d/element/00000000-0000-1781-ffff-ffff0000008a/location [39m[32m200[39m [90m14 ms - 79[39m
[35m[HTTP][39m [90m[39m
[35m[HTTP][39m [37m-->[39m [37mPOST[39m [37m/wd/hub/session/5aeccd3a-b805-4870-8097-cda68aa3827d/element/00000000-0000-1781-ffff-ffff0000008a/click[39m
[35m[HTTP][39m [90m{"id":"00000000-0000-1781-ffff-ffff0000008a"}[39m
[35m[HTTP][39m [37m<-- POST /wd/hub/session/5aeccd3a-b805-4870-8097-cda68aa3827d/element/00000000-0000-1781-ffff-ffff0000008a/click [39m[32m200[39m [90m117 ms - 14[39m
[35m[HTTP][39m [90m[39m
[35m[HTTP][39m [37m-->[39m [37mGET[39m [37m/wd/hub/session/5aeccd3a-b805-4870-8097-cda68aa3827d/source[39m
[35m[HTTP][39m [90m{}[39m
[35m[W3C (5aeccd3a)][39m Driver proxy active, passing request on via HTTP proxy
[35m[WD Proxy][39m Replacing sessionId b89cbbcc-c710-42aa-b78a-c18229ad9f4b with 5aeccd3a-b805-4870-8097-cda68aa3827d
[35m[HTTP][39m [37m<-- GET /wd/hub/session/5aeccd3a-b805-4870-8097-cda68aa3827d/source [39m[32m200[39m [90m73 ms - 17920[39m
[35m[HTTP][39m [90m[39m
[35m[HTTP][39m [37m-->[39m [37mGET[39m [37m/wd/hub/session/5aeccd3a-b805-4870-8097-cda68aa3827d/screenshot[39m
[35m[HTTP][39m [90m{}[39m
[35m[HTTP][39m [37m<-- GET /wd/hub/session/5aeccd3a-b805-4870-8097-cda68aa3827d/screenshot [39m[32m200[39m [90m267 ms - 85394[39m
[35m[HTTP][39m [90m[39m
[35m[HTTP][39m [37m-->[39m [37mGET[39m [37m/wd/hub/session/5aeccd3a-b805-4870-8097-cda68aa3827d/source[39m
[35m[HTTP][39m [90m{}[39m
[35m[W3C (5aeccd3a)][39m Driver proxy active, passing request on via HTTP proxy
[35m[WD Proxy][39m Replacing sessionId b89cbbcc-c710-42aa-b78a-c18229ad9f4b with 5aeccd3a-b805-4870-8097-cda68aa3827d
[35m[HTTP][39m [37m<-- GET /wd/hub/session/5aeccd3a-b805-4870-8097-cda68aa3827d/source [39m[32m200[39m [90m73 ms - 17920[39m
[35m[HTTP][39m [90m[39m
[35m[HTTP][39m [37m-->[39m [37mGET[39m [37m/wd/hub/session/5aeccd3a-b805-4870-8097-cda68aa3827d/screenshot[39m
[35m[HTTP][39m [90m{}[39m
[35m[HTTP][39m [37m<-- GET /wd/hub/session/5aeccd3a-b805-4870-8097-cda68aa3827d/screenshot [39m[32m200[39m [90m272 ms - 83900[39m
[35m[HTTP][39m [90m[39m
[35m[HTTP][39m [37m-->[39m [37mPOST[39m [37m/wd/hub/session/5aeccd3a-b805-4870-8097-cda68aa3827d/elements[39m
[35m[HTTP][39m [90m{"using":"xpath","value":"//*[@class = 'android.widget.TextView' and (@text = '2' or . = '2') and @resource-id = 'kr.co.finda.finda:id/icon_number2']"}[39m
[35m[HTTP][39m [37m<-- POST /wd/hub/session/5aeccd3a-b805-4870-8097-cda68aa3827d/elements [39m[32m200[39m [90m166 ms - 139[39m
[35m[HTTP][39m [90m[39m
[35m[HTTP][39m [37m-->[39m [37mGET[39m [37m/wd/hub/session/5aeccd3a-b805-4870-8097-cda68aa3827d/window/rect[39m
[35m[HTTP][39m [90m{}[39m
[35m[HTTP][39m [37m<-- GET /wd/hub/session/5aeccd3a-b805-4870-8097-cda68aa3827d/window/rect [39m[32m200[39m [90m8 ms - 49[39m
[35m[HTTP][39m [90m[39m
[35m[HTTP][39m [37m-->[39m [37mPOST[39m [37m/wd/hub/session/5aeccd3a-b805-4870-8097-cda68aa3827d/elements[39m
[35m[HTTP][39m [90m{"using":"xpath","value":"//*[@class = 'android.widget.TextView' and (@text = '2' or . = '2') and @resource-id = 'kr.co.finda.finda:id/icon_number2']"}[39m
[35m[HTTP][39m [37m<-- POST /wd/hub/session/5aeccd3a-b805-4870-8097-cda68aa3827d/elements [39m[32m200[39m [90m57 ms - 139[39m
[35m[HTTP][39m [90m[39m
[35m[HTTP][39m [37m-->[39m [37mGET[39m [37m/wd/hub/session/5aeccd3a-b805-4870-8097-cda68aa3827d/element/00000000-0000-1785-ffff-ffff00000192/location[39m
[35m[HTTP][39m [90m{}[39m
[35m[W3C (5aeccd3a)][39m Driver proxy active, passing request on via HTTP proxy
[35m[WD Proxy][39m Replacing sessionId b89cbbcc-c710-42aa-b78a-c18229ad9f4b with 5aeccd3a-b805-4870-8097-cda68aa3827d
[35m[HTTP][39m [37m<-- GET /wd/hub/session/5aeccd3a-b805-4870-8097-cda68aa3827d/element/00000000-0000-1785-ffff-ffff00000192/location [39m[32m200[39m [90m11 ms - 79[39m
[35m[HTTP][39m [90m[39m
[35m[HTTP][39m [37m-->[39m [37mPOST[39m [37m/wd/hub/session/5aeccd3a-b805-4870-8097-cda68aa3827d/element/00000000-0000-1785-ffff-ffff00000192/click[39m
[35m[HTTP][39m [90m{"id":"00000000-0000-1785-ffff-ffff00000192"}[39m
[35m[HTTP][39m [37m<-- POST /wd/hub/session/5aeccd3a-b805-4870-8097-cda68aa3827d/element/00000000-0000-1785-ffff-ffff00000192/click [39m[32m200[39m [90m574 ms - 14[39m
[35m[HTTP][39m [90m[39m
[35m[HTTP][39m [37m-->[39m [37mGET[39m [37m/wd/hub/session/5aeccd3a-b805-4870-8097-cda68aa3827d/source[39m
[35m[HTTP][39m [90m{}[39m
[35m[W3C (5aeccd3a)][39m Driver proxy active, passing request on via HTTP proxy
[35m[WD Proxy][39m Replacing sessionId b89cbbcc-c710-42aa-b78a-c18229ad9f4b with 5aeccd3a-b805-4870-8097-cda68aa3827d
[35m[HTTP][39m [37m<-- GET /wd/hub/session/5aeccd3a-b805-4870-8097-cda68aa3827d/source [39m[32m200[39m [90m75 ms - 17920[39m
[35m[HTTP][39m [90m[39m
[35m[HTTP][39m [37m-->[39m [37mGET[39m [37m/wd/hub/session/5aeccd3a-b805-4870-8097-cda68aa3827d/screenshot[39m
[35m[HTTP][39m [90m{}[39m
[35m[HTTP][39m [37m<-- GET /wd/hub/session/5aeccd3a-b805-4870-8097-cda68aa3827d/screenshot [39m[32m200[39m [90m290 ms - 85280[39m
[35m[HTTP][39m [90m[39m
[35m[HTTP][39m [37m-->[39m [37mPOST[39m [37m/wd/hub/session/5aeccd3a-b805-4870-8097-cda68aa3827d/elements[39m
[35m[HTTP][39m [90m{"using":"xpath","value":"//*[@class = 'android.widget.TextView' and (@text = '3' or . = '3') and @resource-id = 'kr.co.finda.finda:id/icon_number4']"}[39m
[35m[HTTP][39m [37m<-- POST /wd/hub/session/5aeccd3a-b805-4870-8097-cda68aa3827d/elements [39m[32m200[39m [90m246 ms - 139[39m
[35m[HTTP][39m [90m[39m
[35m[HTTP][39m [37m-->[39m [37mGET[39m [37m/wd/hub/session/5aeccd3a-b805-4870-8097-cda68aa3827d/window/rect[39m
[35m[HTTP][39m [90m{}[39m
[35m[HTTP][39m [37m<-- GET /wd/hub/session/5aeccd3a-b805-4870-8097-cda68aa3827d/window/rect [39m[32m200[39m [90m10 ms - 49[39m
[35m[HTTP][39m [90m[39m
[35m[HTTP][39m [37m-->[39m [37mPOST[39m [37m/wd/hub/session/5aeccd3a-b805-4870-8097-cda68aa3827d/elements[39m
[35m[HTTP][39m [90m{"using":"xpath","value":"//*[@class = 'android.widget.TextView' and (@text = '3' or . = '3') and @resource-id = 'kr.co.finda.finda:id/icon_number4']"}[39m
[35m[HTTP][39m [37m<-- POST /wd/hub/session/5aeccd3a-b805-4870-8097-cda68aa3827d/elements [39m[32m200[39m [90m66 ms - 139[39m
[35m[HTTP][39m [90m[39m
[35m[HTTP][39m [37m-->[39m [37mGET[39m [37m/wd/hub/session/5aeccd3a-b805-4870-8097-cda68aa3827d/element/00000000-0000-1785-ffff-ffff00000195/location[39m
[35m[HTTP][39m [90m{}[39m
[35m[W3C (5aeccd3a)][39m Driver proxy active, passing request on via HTTP proxy
[35m[WD Proxy][39m Replacing sessionId b89cbbcc-c710-42aa-b78a-c18229ad9f4b with 5aeccd3a-b805-4870-8097-cda68aa3827d
[35m[HTTP][39m [37m<-- GET /wd/hub/session/5aeccd3a-b805-4870-8097-cda68aa3827d/element/00000000-0000-1785-ffff-ffff00000195/location [39m[32m200[39m [90m11 ms - 77[39m
[35m[HTTP][39m [90m[39m
[35m[HTTP][39m [37m-->[39m [37mPOST[39m [37m/wd/hub/session/5aeccd3a-b805-4870-8097-cda68aa3827d/element/00000000-0000-1785-ffff-ffff00000195/click[39m
[35m[HTTP][39m [90m{"id":"00000000-0000-1785-ffff-ffff00000195"}[39m
[35m[HTTP][39m [37m<-- POST /wd/hub/session/5aeccd3a-b805-4870-8097-cda68aa3827d/element/00000000-0000-1785-ffff-ffff00000195/click [39m[32m200[39m [90m567 ms - 14[39m
[35m[HTTP][39m [90m[39m
[35m[HTTP][39m [37m-->[39m [37mGET[39m [37m/wd/hub/session/5aeccd3a-b805-4870-8097-cda68aa3827d/source[39m
[35m[HTTP][39m [90m{}[39m
[35m[W3C (5aeccd3a)][39m Driver proxy active, passing request on via HTTP proxy
[35m[WD Proxy][39m Replacing sessionId b89cbbcc-c710-42aa-b78a-c18229ad9f4b with 5aeccd3a-b805-4870-8097-cda68aa3827d
[35m[HTTP][39m [37m<-- GET /wd/hub/session/5aeccd3a-b805-4870-8097-cda68aa3827d/source [39m[32m200[39m [90m29 ms - 17920[39m
[35m[HTTP][39m [90m[39m
[35m[HTTP][39m [37m-->[39m [37mGET[39m [37m/wd/hub/session/5aeccd3a-b805-4870-8097-cda68aa3827d/screenshot[39m
[35m[HTTP][39m [90m{}[39m
[35m[HTTP][39m [37m<-- GET /wd/hub/session/5aeccd3a-b805-4870-8097-cda68aa3827d/screenshot [39m[32m200[39m [90m258 ms - 84906[39m
[35m[HTTP][39m [90m[39m
[35m[HTTP][39m [37m-->[39m [37mDELETE[39m [37m/wd/hub/session/5aeccd3a-b805-4870-8097-cda68aa3827d[39m
[35m[HTTP][39m [90m{}[39m
[35m[Appium][39m Removing session 5aeccd3a-b805-4870-8097-cda68aa3827d from our master session list
[35m[UiAutomator2][39m Restoring hidden api policy to the device default configuration
[35m[HTTP][39m [37m<-- DELETE /wd/hub/session/5aeccd3a-b805-4870-8097-cda68aa3827d [39m[32m200[39m [90m359 ms - 14[39m
[35m[HTTP][39m [90m[39m
